<?xml version="1.0" encoding="UTF-8"?>
<testsuite xmlns:xsi="http://www.w3.org/2001/XMLSchema-instance" xsi:noNamespaceSchemaLocation="https://maven.apache.org/surefire/maven-surefire-plugin/xsd/surefire-test-report.xsd" name="com.ejwa.orm.model.dao.ClothingItemDAOTest" time="1.85" tests="7" errors="0" skipped="1" failures="0">
  <properties>
    <property name="sun.desktop" value="windows"/>
    <property name="awt.toolkit" value="sun.awt.windows.WToolkit"/>
    <property name="java.specification.version" value="11"/>
    <property name="sun.cpu.isalist" value="amd64"/>
    <property name="sun.jnu.encoding" value="Cp1252"/>
    <property name="java.class.path" value="C:\Users\Philip\Documents\git\dat076-webapplications\WebShop\backend\orm\target\test-classes;C:\Users\Philip\Documents\git\dat076-webapplications\WebShop\backend\orm\target\classes;C:\Users\Philip\.m2\repository\org\jboss\arquillian\extension\arquillian-rest-client-api\1.0.0.Alpha4\arquillian-rest-client-api-1.0.0.Alpha4.jar;C:\Users\Philip\.m2\repository\org\jboss\resteasy\resteasy-jackson-provider\2.3.10.Final\resteasy-jackson-provider-2.3.10.Final.jar;C:\Users\Philip\.m2\repository\org\codehaus\jackson\jackson-core-asl\1.9.9\jackson-core-asl-1.9.9.jar;C:\Users\Philip\.m2\repository\org\codehaus\jackson\jackson-mapper-asl\1.9.9\jackson-mapper-asl-1.9.9.jar;C:\Users\Philip\.m2\repository\org\codehaus\jackson\jackson-jaxrs\1.9.9\jackson-jaxrs-1.9.9.jar;C:\Users\Philip\.m2\repository\org\codehaus\jackson\jackson-xc\1.9.9\jackson-xc-1.9.9.jar;C:\Users\Philip\.m2\repository\org\jboss\arquillian\extension\arquillian-rest-client-impl-3x\1.0.0.Alpha4\arquillian-rest-client-impl-3x-1.0.0.Alpha4.jar;C:\Users\Philip\.m2\repository\org\jboss\arquillian\extension\arquillian-rest-client-impl-base\1.0.0.Alpha4\arquillian-rest-client-impl-base-1.0.0.Alpha4.jar;C:\Users\Philip\.m2\repository\javassist\javassist\3.12.1.GA\javassist-3.12.1.GA.jar;C:\Users\Philip\.m2\repository\org\jboss\arquillian\container\arquillian-container-test-spi\1.6.0.Final\arquillian-container-test-spi-1.6.0.Final.jar;C:\Users\Philip\.m2\repository\org\jboss\arquillian\core\arquillian-core-spi\1.6.0.Final\arquillian-core-spi-1.6.0.Final.jar;C:\Users\Philip\.m2\repository\org\jboss\arquillian\core\arquillian-core-api\1.6.0.Final\arquillian-core-api-1.6.0.Final.jar;C:\Users\Philip\.m2\repository\org\jboss\arquillian\test\arquillian-test-spi\1.6.0.Final\arquillian-test-spi-1.6.0.Final.jar;C:\Users\Philip\.m2\repository\org\jboss\resteasy\resteasy-client\3.0.0.Final\resteasy-client-3.0.0.Final.jar;C:\Users\Philip\.m2\repository\org\jboss\resteasy\resteasy-jaxrs\3.0.0.Final\resteasy-jaxrs-3.0.0.Final.jar;C:\Users\Philip\.m2\repository\org\jboss\resteasy\jaxrs-api\3.0.0.Final\jaxrs-api-3.0.0.Final.jar;C:\Users\Philip\.m2\repository\org\slf4j\slf4j-simple\1.7.29\slf4j-simple-1.7.29.jar;C:\Users\Philip\.m2\repository\org\slf4j\slf4j-api\1.7.29\slf4j-api-1.7.29.jar;C:\Users\Philip\.m2\repository\org\scannotation\scannotation\1.0.3\scannotation-1.0.3.jar;C:\Users\Philip\.m2\repository\javax\annotation\jsr250-api\1.0\jsr250-api-1.0.jar;C:\Users\Philip\.m2\repository\org\apache\httpcomponents\httpclient\4.2.1\httpclient-4.2.1.jar;C:\Users\Philip\.m2\repository\org\apache\httpcomponents\httpcore\4.2.1\httpcore-4.2.1.jar;C:\Users\Philip\.m2\repository\commons-logging\commons-logging\1.1.1\commons-logging-1.1.1.jar;C:\Users\Philip\.m2\repository\commons-codec\commons-codec\1.6\commons-codec-1.6.jar;C:\Users\Philip\.m2\repository\commons-io\commons-io\2.1\commons-io-2.1.jar;C:\Users\Philip\.m2\repository\net\jcip\jcip-annotations\1.0\jcip-annotations-1.0.jar;C:\Users\Philip\.m2\repository\org\jboss\arquillian\junit\arquillian-junit-container\1.6.0.Final\arquillian-junit-container-1.6.0.Final.jar;C:\Users\Philip\.m2\repository\org\jboss\arquillian\junit\arquillian-junit-core\1.6.0.Final\arquillian-junit-core-1.6.0.Final.jar;C:\Users\Philip\.m2\repository\org\jboss\arquillian\test\arquillian-test-api\1.6.0.Final\arquillian-test-api-1.6.0.Final.jar;C:\Users\Philip\.m2\repository\org\jboss\arquillian\container\arquillian-container-test-api\1.6.0.Final\arquillian-container-test-api-1.6.0.Final.jar;C:\Users\Philip\.m2\repository\org\jboss\shrinkwrap\shrinkwrap-api\1.2.6\shrinkwrap-api-1.2.6.jar;C:\Users\Philip\.m2\repository\org\jboss\shrinkwrap\descriptors\shrinkwrap-descriptors-api-base\2.0.0\shrinkwrap-descriptors-api-base-2.0.0.jar;C:\Users\Philip\.m2\repository\org\jboss\arquillian\core\arquillian-core-impl-base\1.6.0.Final\arquillian-core-impl-base-1.6.0.Final.jar;C:\Users\Philip\.m2\repository\org\jboss\arquillian\test\arquillian-test-impl-base\1.6.0.Final\arquillian-test-impl-base-1.6.0.Final.jar;C:\Users\Philip\.m2\repository\org\jboss\arquillian\container\arquillian-container-impl-base\1.6.0.Final\arquillian-container-impl-base-1.6.0.Final.jar;C:\Users\Philip\.m2\repository\org\jboss\arquillian\config\arquillian-config-api\1.6.0.Final\arquillian-config-api-1.6.0.Final.jar;C:\Users\Philip\.m2\repository\org\jboss\arquillian\config\arquillian-config-impl-base\1.6.0.Final\arquillian-config-impl-base-1.6.0.Final.jar;C:\Users\Philip\.m2\repository\org\jboss\arquillian\config\arquillian-config-spi\1.6.0.Final\arquillian-config-spi-1.6.0.Final.jar;C:\Users\Philip\.m2\repository\org\jboss\shrinkwrap\descriptors\shrinkwrap-descriptors-spi\2.0.0\shrinkwrap-descriptors-spi-2.0.0.jar;C:\Users\Philip\.m2\repository\org\jboss\arquillian\container\arquillian-container-test-impl-base\1.6.0.Final\arquillian-container-test-impl-base-1.6.0.Final.jar;C:\Users\Philip\.m2\repository\org\jboss\shrinkwrap\shrinkwrap-impl-base\1.2.6\shrinkwrap-impl-base-1.2.6.jar;C:\Users\Philip\.m2\repository\org\jboss\shrinkwrap\shrinkwrap-spi\1.2.6\shrinkwrap-spi-1.2.6.jar;C:\Users\Philip\.m2\repository\fish\payara\arquillian\arquillian-payara-server-embedded\2.2\arquillian-payara-server-embedded-2.2.jar;C:\Users\Philip\.m2\repository\org\jboss\arquillian\container\arquillian-container-spi\1.6.0.Final\arquillian-container-spi-1.6.0.Final.jar;C:\Users\Philip\.m2\repository\org\jboss\arquillian\protocol\arquillian-protocol-servlet\1.6.0.Final\arquillian-protocol-servlet-1.6.0.Final.jar;C:\Users\Philip\.m2\repository\org\jboss\arquillian\testenricher\arquillian-testenricher-cdi\1.6.0.Final\arquillian-testenricher-cdi-1.6.0.Final.jar;C:\Users\Philip\.m2\repository\org\jboss\arquillian\testenricher\arquillian-testenricher-ejb\1.6.0.Final\arquillian-testenricher-ejb-1.6.0.Final.jar;C:\Users\Philip\.m2\repository\org\jboss\arquillian\testenricher\arquillian-testenricher-resource\1.6.0.Final\arquillian-testenricher-resource-1.6.0.Final.jar;C:\Users\Philip\.m2\repository\org\jboss\arquillian\testenricher\arquillian-testenricher-initialcontext\1.6.0.Final\arquillian-testenricher-initialcontext-1.6.0.Final.jar;C:\Users\Philip\.m2\repository\org\jboss\arquillian\extension\arquillian-transaction-jta\1.0.5\arquillian-transaction-jta-1.0.5.jar;C:\Users\Philip\.m2\repository\org\jboss\arquillian\extension\arquillian-transaction-api\1.0.5\arquillian-transaction-api-1.0.5.jar;C:\Users\Philip\.m2\repository\org\jboss\arquillian\extension\arquillian-transaction-spi\1.0.5\arquillian-transaction-spi-1.0.5.jar;C:\Users\Philip\.m2\repository\org\jboss\arquillian\extension\arquillian-transaction-impl-base\1.0.5\arquillian-transaction-impl-base-1.0.5.jar;C:\Users\Philip\.m2\repository\fish\payara\extras\payara-embedded-all\5.181\payara-embedded-all-5.181.jar;C:\Users\Philip\.m2\repository\junit\junit\4.13\junit-4.13.jar;C:\Users\Philip\.m2\repository\org\hamcrest\hamcrest-core\1.3\hamcrest-core-1.3.jar;C:\Users\Philip\.m2\repository\org\projectlombok\lombok\1.18.12\lombok-1.18.12.jar;C:\Users\Philip\.m2\repository\javax\javaee-api\8.0\javaee-api-8.0.jar;C:\Users\Philip\.m2\repository\com\sun\mail\javax.mail\1.6.0\javax.mail-1.6.0.jar;C:\Users\Philip\.m2\repository\javax\activation\activation\1.1\activation-1.1.jar;C:\Users\Philip\.m2\repository\com\github\javafaker\javafaker\1.0.2\javafaker-1.0.2.jar;C:\Users\Philip\.m2\repository\org\apache\commons\commons-lang3\3.8.1\commons-lang3-3.8.1.jar;C:\Users\Philip\.m2\repository\org\yaml\snakeyaml\1.23\snakeyaml-1.23-android.jar;C:\Users\Philip\.m2\repository\com\github\mifmif\generex\1.0.2\generex-1.0.2.jar;C:\Users\Philip\.m2\repository\dk\brics\automaton\automaton\1.11-8\automaton-1.11-8.jar;C:\Users\Philip\.m2\repository\io\github\sveryovka\easy-criteria\2.1.0\easy-criteria-2.1.0.jar;C:\Users\Philip\.m2\repository\org\ebaysf\web\cors-filter\1.0.0\cors-filter-1.0.0.jar;C:\Users\Philip\.m2\repository\javax\servlet\servlet-api\2.5\servlet-api-2.5.jar;C:\Users\Philip\.m2\repository\javax\javaee-web-api\8.0\javaee-web-api-8.0.jar;"/>
    <property name="java.vm.vendor" value="Oracle Corporation"/>
    <property name="sun.arch.data.model" value="64"/>
    <property name="user.variant" value=""/>
    <property name="java.vendor.url" value="http://java.oracle.com/"/>
    <property name="user.timezone" value="Europe/Berlin"/>
    <property name="java.vm.specification.version" value="11"/>
    <property name="os.name" value="Windows 10"/>
    <property name="user.country" value="GB"/>
    <property name="sun.java.launcher" value="SUN_STANDARD"/>
    <property name="sun.boot.library.path" value="C:\Program Files\Java\jdk-11.0.6\bin"/>
    <property name="sun.java.command" value="C:\Users\Philip\AppData\Local\Temp\surefire15456513178253642563\surefirebooter14068289883304278583.jar C:\Users\Philip\AppData\Local\Temp\surefire15456513178253642563 2020-03-18T17-24-01_256-jvmRun1 surefire8380476217121674767tmp surefire_088611334336582432tmp"/>
    <property name="jdk.debug" value="release"/>
    <property name="surefire.test.class.path" value="C:\Users\Philip\Documents\git\dat076-webapplications\WebShop\backend\orm\target\test-classes;C:\Users\Philip\Documents\git\dat076-webapplications\WebShop\backend\orm\target\classes;C:\Users\Philip\.m2\repository\org\jboss\arquillian\extension\arquillian-rest-client-api\1.0.0.Alpha4\arquillian-rest-client-api-1.0.0.Alpha4.jar;C:\Users\Philip\.m2\repository\org\jboss\resteasy\resteasy-jackson-provider\2.3.10.Final\resteasy-jackson-provider-2.3.10.Final.jar;C:\Users\Philip\.m2\repository\org\codehaus\jackson\jackson-core-asl\1.9.9\jackson-core-asl-1.9.9.jar;C:\Users\Philip\.m2\repository\org\codehaus\jackson\jackson-mapper-asl\1.9.9\jackson-mapper-asl-1.9.9.jar;C:\Users\Philip\.m2\repository\org\codehaus\jackson\jackson-jaxrs\1.9.9\jackson-jaxrs-1.9.9.jar;C:\Users\Philip\.m2\repository\org\codehaus\jackson\jackson-xc\1.9.9\jackson-xc-1.9.9.jar;C:\Users\Philip\.m2\repository\org\jboss\arquillian\extension\arquillian-rest-client-impl-3x\1.0.0.Alpha4\arquillian-rest-client-impl-3x-1.0.0.Alpha4.jar;C:\Users\Philip\.m2\repository\org\jboss\arquillian\extension\arquillian-rest-client-impl-base\1.0.0.Alpha4\arquillian-rest-client-impl-base-1.0.0.Alpha4.jar;C:\Users\Philip\.m2\repository\javassist\javassist\3.12.1.GA\javassist-3.12.1.GA.jar;C:\Users\Philip\.m2\repository\org\jboss\arquillian\container\arquillian-container-test-spi\1.6.0.Final\arquillian-container-test-spi-1.6.0.Final.jar;C:\Users\Philip\.m2\repository\org\jboss\arquillian\core\arquillian-core-spi\1.6.0.Final\arquillian-core-spi-1.6.0.Final.jar;C:\Users\Philip\.m2\repository\org\jboss\arquillian\core\arquillian-core-api\1.6.0.Final\arquillian-core-api-1.6.0.Final.jar;C:\Users\Philip\.m2\repository\org\jboss\arquillian\test\arquillian-test-spi\1.6.0.Final\arquillian-test-spi-1.6.0.Final.jar;C:\Users\Philip\.m2\repository\org\jboss\resteasy\resteasy-client\3.0.0.Final\resteasy-client-3.0.0.Final.jar;C:\Users\Philip\.m2\repository\org\jboss\resteasy\resteasy-jaxrs\3.0.0.Final\resteasy-jaxrs-3.0.0.Final.jar;C:\Users\Philip\.m2\repository\org\jboss\resteasy\jaxrs-api\3.0.0.Final\jaxrs-api-3.0.0.Final.jar;C:\Users\Philip\.m2\repository\org\slf4j\slf4j-simple\1.7.29\slf4j-simple-1.7.29.jar;C:\Users\Philip\.m2\repository\org\slf4j\slf4j-api\1.7.29\slf4j-api-1.7.29.jar;C:\Users\Philip\.m2\repository\org\scannotation\scannotation\1.0.3\scannotation-1.0.3.jar;C:\Users\Philip\.m2\repository\javax\annotation\jsr250-api\1.0\jsr250-api-1.0.jar;C:\Users\Philip\.m2\repository\org\apache\httpcomponents\httpclient\4.2.1\httpclient-4.2.1.jar;C:\Users\Philip\.m2\repository\org\apache\httpcomponents\httpcore\4.2.1\httpcore-4.2.1.jar;C:\Users\Philip\.m2\repository\commons-logging\commons-logging\1.1.1\commons-logging-1.1.1.jar;C:\Users\Philip\.m2\repository\commons-codec\commons-codec\1.6\commons-codec-1.6.jar;C:\Users\Philip\.m2\repository\commons-io\commons-io\2.1\commons-io-2.1.jar;C:\Users\Philip\.m2\repository\net\jcip\jcip-annotations\1.0\jcip-annotations-1.0.jar;C:\Users\Philip\.m2\repository\org\jboss\arquillian\junit\arquillian-junit-container\1.6.0.Final\arquillian-junit-container-1.6.0.Final.jar;C:\Users\Philip\.m2\repository\org\jboss\arquillian\junit\arquillian-junit-core\1.6.0.Final\arquillian-junit-core-1.6.0.Final.jar;C:\Users\Philip\.m2\repository\org\jboss\arquillian\test\arquillian-test-api\1.6.0.Final\arquillian-test-api-1.6.0.Final.jar;C:\Users\Philip\.m2\repository\org\jboss\arquillian\container\arquillian-container-test-api\1.6.0.Final\arquillian-container-test-api-1.6.0.Final.jar;C:\Users\Philip\.m2\repository\org\jboss\shrinkwrap\shrinkwrap-api\1.2.6\shrinkwrap-api-1.2.6.jar;C:\Users\Philip\.m2\repository\org\jboss\shrinkwrap\descriptors\shrinkwrap-descriptors-api-base\2.0.0\shrinkwrap-descriptors-api-base-2.0.0.jar;C:\Users\Philip\.m2\repository\org\jboss\arquillian\core\arquillian-core-impl-base\1.6.0.Final\arquillian-core-impl-base-1.6.0.Final.jar;C:\Users\Philip\.m2\repository\org\jboss\arquillian\test\arquillian-test-impl-base\1.6.0.Final\arquillian-test-impl-base-1.6.0.Final.jar;C:\Users\Philip\.m2\repository\org\jboss\arquillian\container\arquillian-container-impl-base\1.6.0.Final\arquillian-container-impl-base-1.6.0.Final.jar;C:\Users\Philip\.m2\repository\org\jboss\arquillian\config\arquillian-config-api\1.6.0.Final\arquillian-config-api-1.6.0.Final.jar;C:\Users\Philip\.m2\repository\org\jboss\arquillian\config\arquillian-config-impl-base\1.6.0.Final\arquillian-config-impl-base-1.6.0.Final.jar;C:\Users\Philip\.m2\repository\org\jboss\arquillian\config\arquillian-config-spi\1.6.0.Final\arquillian-config-spi-1.6.0.Final.jar;C:\Users\Philip\.m2\repository\org\jboss\shrinkwrap\descriptors\shrinkwrap-descriptors-spi\2.0.0\shrinkwrap-descriptors-spi-2.0.0.jar;C:\Users\Philip\.m2\repository\org\jboss\arquillian\container\arquillian-container-test-impl-base\1.6.0.Final\arquillian-container-test-impl-base-1.6.0.Final.jar;C:\Users\Philip\.m2\repository\org\jboss\shrinkwrap\shrinkwrap-impl-base\1.2.6\shrinkwrap-impl-base-1.2.6.jar;C:\Users\Philip\.m2\repository\org\jboss\shrinkwrap\shrinkwrap-spi\1.2.6\shrinkwrap-spi-1.2.6.jar;C:\Users\Philip\.m2\repository\fish\payara\arquillian\arquillian-payara-server-embedded\2.2\arquillian-payara-server-embedded-2.2.jar;C:\Users\Philip\.m2\repository\org\jboss\arquillian\container\arquillian-container-spi\1.6.0.Final\arquillian-container-spi-1.6.0.Final.jar;C:\Users\Philip\.m2\repository\org\jboss\arquillian\protocol\arquillian-protocol-servlet\1.6.0.Final\arquillian-protocol-servlet-1.6.0.Final.jar;C:\Users\Philip\.m2\repository\org\jboss\arquillian\testenricher\arquillian-testenricher-cdi\1.6.0.Final\arquillian-testenricher-cdi-1.6.0.Final.jar;C:\Users\Philip\.m2\repository\org\jboss\arquillian\testenricher\arquillian-testenricher-ejb\1.6.0.Final\arquillian-testenricher-ejb-1.6.0.Final.jar;C:\Users\Philip\.m2\repository\org\jboss\arquillian\testenricher\arquillian-testenricher-resource\1.6.0.Final\arquillian-testenricher-resource-1.6.0.Final.jar;C:\Users\Philip\.m2\repository\org\jboss\arquillian\testenricher\arquillian-testenricher-initialcontext\1.6.0.Final\arquillian-testenricher-initialcontext-1.6.0.Final.jar;C:\Users\Philip\.m2\repository\org\jboss\arquillian\extension\arquillian-transaction-jta\1.0.5\arquillian-transaction-jta-1.0.5.jar;C:\Users\Philip\.m2\repository\org\jboss\arquillian\extension\arquillian-transaction-api\1.0.5\arquillian-transaction-api-1.0.5.jar;C:\Users\Philip\.m2\repository\org\jboss\arquillian\extension\arquillian-transaction-spi\1.0.5\arquillian-transaction-spi-1.0.5.jar;C:\Users\Philip\.m2\repository\org\jboss\arquillian\extension\arquillian-transaction-impl-base\1.0.5\arquillian-transaction-impl-base-1.0.5.jar;C:\Users\Philip\.m2\repository\fish\payara\extras\payara-embedded-all\5.181\payara-embedded-all-5.181.jar;C:\Users\Philip\.m2\repository\junit\junit\4.13\junit-4.13.jar;C:\Users\Philip\.m2\repository\org\hamcrest\hamcrest-core\1.3\hamcrest-core-1.3.jar;C:\Users\Philip\.m2\repository\org\projectlombok\lombok\1.18.12\lombok-1.18.12.jar;C:\Users\Philip\.m2\repository\javax\javaee-api\8.0\javaee-api-8.0.jar;C:\Users\Philip\.m2\repository\com\sun\mail\javax.mail\1.6.0\javax.mail-1.6.0.jar;C:\Users\Philip\.m2\repository\javax\activation\activation\1.1\activation-1.1.jar;C:\Users\Philip\.m2\repository\com\github\javafaker\javafaker\1.0.2\javafaker-1.0.2.jar;C:\Users\Philip\.m2\repository\org\apache\commons\commons-lang3\3.8.1\commons-lang3-3.8.1.jar;C:\Users\Philip\.m2\repository\org\yaml\snakeyaml\1.23\snakeyaml-1.23-android.jar;C:\Users\Philip\.m2\repository\com\github\mifmif\generex\1.0.2\generex-1.0.2.jar;C:\Users\Philip\.m2\repository\dk\brics\automaton\automaton\1.11-8\automaton-1.11-8.jar;C:\Users\Philip\.m2\repository\io\github\sveryovka\easy-criteria\2.1.0\easy-criteria-2.1.0.jar;C:\Users\Philip\.m2\repository\org\ebaysf\web\cors-filter\1.0.0\cors-filter-1.0.0.jar;C:\Users\Philip\.m2\repository\javax\servlet\servlet-api\2.5\servlet-api-2.5.jar;C:\Users\Philip\.m2\repository\javax\javaee-web-api\8.0\javaee-web-api-8.0.jar;"/>
    <property name="sun.cpu.endian" value="little"/>
    <property name="user.home" value="C:\Users\Philip"/>
    <property name="user.language" value="en"/>
    <property name="java.specification.vendor" value="Oracle Corporation"/>
    <property name="java.version.date" value="2020-01-14"/>
    <property name="java.home" value="C:\Program Files\Java\jdk-11.0.6"/>
    <property name="file.separator" value="\"/>
    <property name="basedir" value="C:\Users\Philip\Documents\git\dat076-webapplications\WebShop\backend\orm"/>
    <property name="java.vm.compressedOopsMode" value="32-bit"/>
    <property name="line.separator" value="&#10;"/>
    <property name="java.specification.name" value="Java Platform API Specification"/>
    <property name="java.vm.specification.vendor" value="Oracle Corporation"/>
    <property name="java.awt.graphicsenv" value="sun.awt.Win32GraphicsEnvironment"/>
    <property name="surefire.real.class.path" value="C:\Users\Philip\AppData\Local\Temp\surefire15456513178253642563\surefirebooter14068289883304278583.jar"/>
    <property name="user.script" value=""/>
    <property name="sun.management.compiler" value="HotSpot 64-Bit Tiered Compilers"/>
    <property name="java.runtime.version" value="11.0.6+8-LTS"/>
    <property name="user.name" value="Philip"/>
    <property name="path.separator" value=";"/>
    <property name="os.version" value="10.0"/>
    <property name="java.runtime.name" value="Java(TM) SE Runtime Environment"/>
    <property name="file.encoding" value="UTF-8"/>
    <property name="java.vm.name" value="Java HotSpot(TM) 64-Bit Server VM"/>
    <property name="java.vendor.version" value="18.9"/>
    <property name="maven.ext.class.path" value="C:\Program Files\NetBeans-11.3\netbeans\java\maven-nblib\netbeans-eventspy.jar"/>
    <property name="localRepository" value="C:\Users\Philip\.m2\repository"/>
    <property name="java.vendor.url.bug" value="http://bugreport.java.com/bugreport/"/>
    <property name="java.io.tmpdir" value="C:\Users\Philip\AppData\Local\Temp\"/>
    <property name="java.version" value="11.0.6"/>
    <property name="user.dir" value="C:\Users\Philip\Documents\git\dat076-webapplications\WebShop\backend\orm"/>
    <property name="os.arch" value="amd64"/>
    <property name="java.vm.specification.name" value="Java Virtual Machine Specification"/>
    <property name="java.awt.printerjob" value="sun.awt.windows.WPrinterJob"/>
    <property name="sun.os.patch.level" value=""/>
    <property name="java.library.path" value="C:\Program Files\Java\jdk-11.0.6\bin;C:\WINDOWS\Sun\Java\bin;C:\WINDOWS\system32;C:\WINDOWS;C:\Program Files\Haskell\bin;C:\Program Files\Haskell Platform\8.6.5\lib\extralibs\bin;C:\Program Files\Haskell Platform\8.6.5\bin;C:\Program Files\AdoptOpenJDK\jdk-8.0.222.10-hotspot\bin;C:\Program Files (x86)\Common Files\Oracle\Java\javapath;C:\ProgramData\Oracle\Java\javapath;C:\Windows\system32;C:\Windows;C:\Windows\System32\Wbem;C:\Windows\System32\WindowsPowerShell\v1.0\;C:\WINDOWS\system32;C:\WINDOWS;C:\WINDOWS\System32\Wbem;C:\WINDOWS\System32\WindowsPowerShell\v1.0\;C:\WINDOWS\System32\OpenSSH\;C:\Program Files (x86)\NVIDIA Corporation\PhysX\Common;C:\Program Files\NVIDIA Corporation\NVIDIA NvDLISR;C:\WINDOWS\system32;C:\WINDOWS;C:\WINDOWS\System32\Wbem;C:\WINDOWS\System32\WindowsPowerShell\v1.0\;C:\WINDOWS\System32\OpenSSH\;C:\Program Files\Git\cmd;C:\Program Files\Microsoft SQL Server\130\Tools\Binn\;C:\Program Files\Haskell Platform\8.6.5\mingw\bin;C:\Program Files\nodejs\;C:\Users\Philip\AppData\Roaming\cabal\bin;C:\Users\Philip\AppData\Roaming\local\bin;C:\Users\Philip\AppData\Local\Microsoft\WindowsApps;C:\Program Files\JetBrains\IntelliJ IDEA Community Edition 2018.3.2\bin;;C:\Program Files\JetBrains\IntelliJ IDEA 2018.3.2\bin;;C:\Users\Philip\AppData\Local\Programs\Microsoft VS Code\bin;C:\Users\Philip\AppData\Roaming\npm;."/>
    <property name="java.vendor" value="Oracle Corporation"/>
    <property name="java.vm.info" value="mixed mode"/>
    <property name="java.vm.version" value="11.0.6+8-LTS"/>
    <property name="sun.io.unicode.encoding" value="UnicodeLittle"/>
    <property name="java.class.version" value="55.0"/>
  </properties>
  <testcase name="checkThatfindMaxClothingItemPricefindsMax" classname="com.ejwa.orm.model.dao.ClothingItemDAOTest" time="0.141"/>
  <testcase name="checkFindClothingItemsWithFilters" classname="com.ejwa.orm.model.dao.ClothingItemDAOTest" time="0.052"/>
  <testcase name="checkThatFindClothingItemsMatchingNameMatchesCorrectly" classname="com.ejwa.orm.model.dao.ClothingItemDAOTest" time="0.035"/>
  <testcase name="checkThatfindMinClothingItemPricefindsMin" classname="com.ejwa.orm.model.dao.ClothingItemDAOTest" time="0.03"/>
  <testcase name="checkThatFindClothingItemsBySearchLabelFindsCorrect" classname="com.ejwa.orm.model.dao.ClothingItemDAOTest" time="0.044"/>
  <testcase name="checkThatFindClothingItemMatchingIDMatchesCorrectly" classname="com.ejwa.orm.model.dao.ClothingItemDAOTest" time="0.036"/>
  <testcase name="checkRemoveAllClothingItems" classname="com.ejwa.orm.model.dao.ClothingItemDAOTest" time="0">
    <skipped/>
  </testcase>
</testsuite>